[0m10:54:11.689825 [debug] [MainThread]: Sending event: {'category': 'dbt', 'action': 'invocation', 'label': 'start', 'context': [<snowplow_tracker.self_describing_json.SelfDescribingJson object at 0x000001CBE78B8E50>, <snowplow_tracker.self_describing_json.SelfDescribingJson object at 0x000001CBE7897810>, <snowplow_tracker.self_describing_json.SelfDescribingJson object at 0x000001CBE78B8F10>]}


============================== 10:54:11.702706 | ff0745b6-b5d6-4b5e-890b-1161e48d7e0f ==============================
[0m10:54:11.702706 [info ] [MainThread]: Running with dbt=1.8.6
[0m10:54:11.702706 [debug] [MainThread]: running dbt with arguments {'printer_width': '80', 'indirect_selection': 'eager', 'write_json': 'True', 'log_cache_events': 'False', 'partial_parse': 'True', 'cache_selected_only': 'False', 'profiles_dir': 'C:\\Users\\USER\\.dbt', 'debug': 'False', 'fail_fast': 'False', 'log_path': 'logs', 'warn_error': 'None', 'version_check': 'True', 'use_colors': 'True', 'use_experimental_parser': 'False', 'no_print': 'None', 'quiet': 'False', 'empty': 'None', 'log_format': 'default', 'invocation_command': 'dbt init', 'warn_error_options': 'WarnErrorOptions(include=[], exclude=[])', 'introspect': 'True', 'target_path': 'None', 'static_parser': 'True', 'send_anonymous_usage_stats': 'True'}
[0m10:54:11.922974 [warn ] [MainThread]: [ConfigFolderDirectory]: Unable to parse dict {'dir': WindowsPath('C:/Users/USER/.dbt')}
[0m10:54:11.922974 [info ] [MainThread]: Creating dbt configuration folder at 
[0m10:54:36.911338 [debug] [MainThread]: Starter project path: C:\Users\USER\Alta\Project-DBT-Snowflake-Airflow-1\.venv\Lib\site-packages\dbt\include\starter_project
[0m10:54:36.986822 [info ] [MainThread]: 
Your new dbt project "data_pipeline" was created!

For more information on how to configure the profiles.yml file,
please consult the dbt documentation here:

  https://docs.getdbt.com/docs/configure-your-profile

One more thing:

Need help? Don't hesitate to reach out to us via GitHub issues or on Slack:

  https://community.getdbt.com/

Happy modeling!

[0m10:54:36.986822 [info ] [MainThread]: Setting up your profile.
[0m10:58:53.345264 [info ] [MainThread]: Profile data_pipeline written to C:\Users\USER\.dbt\profiles.yml using target's profile_template.yml and your supplied values. Run 'dbt debug' to validate the connection.
[0m10:58:53.349774 [debug] [MainThread]: Command `dbt init` succeeded at 10:58:53.349774 after 281.75 seconds
[0m10:58:53.349774 [debug] [MainThread]: Sending event: {'category': 'dbt', 'action': 'invocation', 'label': 'end', 'context': [<snowplow_tracker.self_describing_json.SelfDescribingJson object at 0x000001CBE7854890>, <snowplow_tracker.self_describing_json.SelfDescribingJson object at 0x000001CBE2613290>, <snowplow_tracker.self_describing_json.SelfDescribingJson object at 0x000001CBE269BE90>]}
[0m10:58:53.352393 [debug] [MainThread]: Flushing usage events
